This file contains any messages produced by compilers while
running configure, to aid debugging if configure makes a mistake.

It was created by configure, which was
generated by GNU Autoconf 2.57.  Invocation command line was

  $ ./configure 

## --------- ##
## Platform. ##
## --------- ##

hostname = localhost.localdomain
uname -m = i686
uname -r = 2.4.20-8
uname -s = Linux
uname -v = #1 Thu Mar 13 17:54:28 EST 2003

/usr/bin/uname -p = unknown
/bin/uname -X     = unknown

/bin/arch              = i686
/usr/bin/arch -k       = unknown
/usr/convex/getsysinfo = unknown
hostinfo               = unknown
/bin/machine           = unknown
/usr/bin/oslevel       = unknown
/bin/universe          = unknown

PATH: /usr/local/bin
PATH: /usr/bin
PATH: /bin
PATH: /usr/X11R6/bin
PATH: /home/anton/bin
PATH: .


## ----------- ##
## Core tests. ##
## ----------- ##

configure:1498: checking build system type
configure:1516: result: i686-pc-linux-gnu
configure:1524: checking host system type
configure:1538: result: i686-pc-linux-gnu
configure:1546: checking target system type
configure:1560: result: i686-pc-linux-gnu
configure:1605: checking for a BSD-compatible install
configure:1659: result: /usr/bin/install -c
configure:1674: checking for -p flag to install
configure:1687: result: yes
configure:1698: checking whether build environment is sane
configure:1741: result: yes
configure:1762: checking for gawk
configure:1778: found /usr/bin/gawk
configure:1788: result: gawk
configure:1798: checking whether make sets $(MAKE)
configure:1818: result: yes
configure:1965: checking for style of include used by make
configure:1993: result: GNU
configure:2119: checking for gcc
configure:2145: result: gcc
configure:2389: checking for C compiler version
configure:2392: gcc --version </dev/null >&5
gcc (GCC) 3.2.2 20030222 (Red Hat Linux 3.2.2-5)
Copyright (C) 2002 Free Software Foundation, Inc.
This is free software; see the source for copying conditions.  There is NO
warranty; not even for MERCHANTABILITY or FITNESS FOR A PARTICULAR PURPOSE.

configure:2395: $? = 0
configure:2397: gcc -v </dev/null >&5
Reading specs from /usr/lib/gcc-lib/i386-redhat-linux/3.2.2/specs
Configured with: ../configure --prefix=/usr --mandir=/usr/share/man --infodir=/usr/share/info --enable-shared --enable-threads=posix --disable-checking --with-system-zlib --enable-__cxa_atexit --host=i386-redhat-linux
Thread model: posix
gcc version 3.2.2 20030222 (Red Hat Linux 3.2.2-5)
configure:2400: $? = 0
configure:2402: gcc -V </dev/null >&5
gcc: argument to `-V' is missing
configure:2405: $? = 1
configure:2429: checking for C compiler default output
configure:2432: gcc     conftest.c  >&5
configure:2435: $? = 0
configure:2481: result: a.out
configure:2486: checking whether the C compiler works
configure:2492: ./a.out
configure:2495: $? = 0
configure:2512: result: yes
configure:2519: checking whether we are cross compiling
configure:2521: result: no
configure:2524: checking for suffix of executables
configure:2526: gcc -o conftest     conftest.c  >&5
configure:2529: $? = 0
configure:2554: result: 
configure:2560: checking for suffix of object files
configure:2582: gcc -c    conftest.c >&5
configure:2585: $? = 0
configure:2607: result: o
configure:2611: checking whether we are using the GNU C compiler
configure:2636: gcc -c    conftest.c >&5
configure:2639: $? = 0
configure:2642: test -s conftest.o
configure:2645: $? = 0
configure:2658: result: yes
configure:2664: checking whether gcc accepts -g
configure:2686: gcc -c -g  conftest.c >&5
configure:2689: $? = 0
configure:2692: test -s conftest.o
configure:2695: $? = 0
configure:2706: result: yes
configure:2723: checking for gcc option to accept ANSI C
configure:2784: gcc  -c    conftest.c >&5
configure:2787: $? = 0
configure:2790: test -s conftest.o
configure:2793: $? = 0
configure:2811: result: none needed
configure:2829: gcc -c    conftest.c >&5
conftest.c:2: parse error before "me"
configure:2832: $? = 1
configure: failed program was:
| #ifndef __cplusplus
|   choke me
| #endif
configure:2943: checking dependency style of gcc
configure:3005: result: gcc3
configure:3016: checking how to run the C preprocessor
configure:3134: result: cpp
configure:3159: cpp  conftest.c
configure:3165: $? = 0
configure:3197: cpp  conftest.c
configure:3198:28: ac_nonexistent.h: No such file or directory
configure:3203: $? = 1
configure: failed program was:
| #line 3188 "configure"
| /* confdefs.h.  */
| 
| #define PACKAGE_NAME ""
| #define PACKAGE_TARNAME ""
| #define PACKAGE_VERSION ""
| #define PACKAGE_STRING ""
| #define PACKAGE_BUGREPORT ""
| #define PACKAGE "coach"
| #define VERSION "1.0"
| /* end confdefs.h.  */
| #include <ac_nonexistent.h>
configure:3368: checking for C++ compiler version
configure:3371: g++ --version </dev/null >&5
g++ (GCC) 3.2.2 20030222 (Red Hat Linux 3.2.2-5)
Copyright (C) 2002 Free Software Foundation, Inc.
This is free software; see the source for copying conditions.  There is NO
warranty; not even for MERCHANTABILITY or FITNESS FOR A PARTICULAR PURPOSE.

configure:3374: $? = 0
configure:3376: g++ -v </dev/null >&5
Reading specs from /usr/lib/gcc-lib/i386-redhat-linux/3.2.2/specs
Configured with: ../configure --prefix=/usr --mandir=/usr/share/man --infodir=/usr/share/info --enable-shared --enable-threads=posix --disable-checking --with-system-zlib --enable-__cxa_atexit --host=i386-redhat-linux
Thread model: posix
gcc version 3.2.2 20030222 (Red Hat Linux 3.2.2-5)
configure:3379: $? = 0
configure:3381: g++ -V </dev/null >&5
g++: argument to `-V' missing

configure:3384: $? = 1
configure:3387: checking whether we are using the GNU C++ compiler
configure:3412: g++ -c  -O0 -g3 -Wall   conftest.cc >&5
configure:3415: $? = 0
configure:3418: test -s conftest.o
configure:3421: $? = 0
configure:3434: result: yes
configure:3440: checking whether g++ accepts -g
configure:3462: g++ -c -g  conftest.cc >&5
configure:3465: $? = 0
configure:3468: test -s conftest.o
configure:3471: $? = 0
configure:3482: result: yes
configure:3526: g++ -c  -O0 -g3 -Wall   conftest.cc >&5
configure:3529: $? = 0
configure:3532: test -s conftest.o
configure:3535: $? = 0
configure:3562: g++ -c  -O0 -g3 -Wall   conftest.cc >&5
configure: In function `int main()':
configure:3559: `exit' undeclared (first use this function)
configure:3559: (Each undeclared identifier is reported only once for each 
   function it appears in.)
configure:3565: $? = 1
configure: failed program was:
| #line 3545 "configure"
| /* confdefs.h.  */
| 
| #define PACKAGE_NAME ""
| #define PACKAGE_TARNAME ""
| #define PACKAGE_VERSION ""
| #define PACKAGE_STRING ""
| #define PACKAGE_BUGREPORT ""
| #define PACKAGE "coach"
| #define VERSION "1.0"
| /* end confdefs.h.  */
| 
| int
| main ()
| {
| exit (42);
|   ;
|   return 0;
| }
configure:3526: g++ -c  -O0 -g3 -Wall   conftest.cc >&5
configure:3529: $? = 0
configure:3532: test -s conftest.o
configure:3535: $? = 0
configure:3562: g++ -c  -O0 -g3 -Wall   conftest.cc >&5
configure:3565: $? = 0
configure:3568: test -s conftest.o
configure:3571: $? = 0
configure:3596: checking dependency style of g++
configure:3658: result: gcc3
configure:3942: checking whether g++ supports -Wundef
configure:3979: rm -rf SunWS_cache; g++ -o conftest -Wall -pedantic -W -Wpointer-arith -Wmissing-prototypes -Wwrite-strings -ansi -D_XOPEN_SOURCE=500 -D_BSD_SOURCE -Wcast-align -Wconversion -O2  -O0 -g3 -Wall  -Wundef   conftest.cc  1>&5
configure:3982: $? = 0
configure:3985: test -s conftest
configure:3988: $? = 0
configure:4008: result: yes
configure:4020: checking whether g++ supports -Wno-long-long
configure:4057: rm -rf SunWS_cache; g++ -o conftest -Wundef -Wall -pedantic -W -Wpointer-arith -Wmissing-prototypes -Wwrite-strings -ansi -D_XOPEN_SOURCE=500 -D_BSD_SOURCE -Wcast-align -Wconversion -O2  -O0 -g3 -Wall  -Wno-long-long   conftest.cc  1>&5
configure:4060: $? = 0
configure:4063: test -s conftest
configure:4066: $? = 0
configure:4086: result: yes
configure:4098: checking whether g++ supports -Wnon-virtual-dtor
configure:4135: rm -rf SunWS_cache; g++ -o conftest -Wno-long-long -Wundef -Wall -pedantic -W -Wpointer-arith -Wmissing-prototypes -Wwrite-strings -ansi -D_XOPEN_SOURCE=500 -D_BSD_SOURCE -Wcast-align -Wconversion -O2  -O0 -g3 -Wall  -Wnon-virtual-dtor   conftest.cc  1>&5
configure:4138: $? = 0
configure:4141: test -s conftest
configure:4144: $? = 0
configure:4164: result: yes
configure:4184: checking whether g++ supports -fno-exceptions
configure:4221: rm -rf SunWS_cache; g++ -o conftest -Wnon-virtual-dtor -Wno-long-long -Wundef -Wall -pedantic -W -Wpointer-arith -Wmissing-prototypes -Wwrite-strings -ansi -D_XOPEN_SOURCE=500 -D_BSD_SOURCE -Wcast-align -Wconversion -O2  -O0 -g3 -Wall  -fno-exceptions   conftest.cc  1>&5
configure:4224: $? = 0
configure:4227: test -s conftest
configure:4230: $? = 0
configure:4250: result: yes
configure:4262: checking whether g++ supports -fno-check-new
configure:4299: rm -rf SunWS_cache; g++ -o conftest -Wnon-virtual-dtor -Wno-long-long -Wundef -Wall -pedantic -W -Wpointer-arith -Wmissing-prototypes -Wwrite-strings -ansi -D_XOPEN_SOURCE=500 -D_BSD_SOURCE -Wcast-align -Wconversion -O2  -O0 -g3 -Wall  -fno-exceptions -fno-check-new   conftest.cc  1>&5
configure:4302: $? = 0
configure:4305: test -s conftest
configure:4308: $? = 0
configure:4328: result: yes
configure:4340: checking whether g++ supports -fexceptions
configure:4377: rm -rf SunWS_cache; g++ -o conftest -Wnon-virtual-dtor -Wno-long-long -Wundef -Wall -pedantic -W -Wpointer-arith -Wmissing-prototypes -Wwrite-strings -ansi -D_XOPEN_SOURCE=500 -D_BSD_SOURCE -Wcast-align -Wconversion -O2  -O0 -g3 -Wall  -fno-exceptions -fno-check-new -fexceptions   conftest.cc  1>&5
configure:4380: $? = 0
configure:4383: test -s conftest
configure:4386: $? = 0
configure:4406: result: yes
configure:5007: checking how to run the C++ preprocessor
configure:5039: g++ -E  conftest.cc
configure:5045: $? = 0
configure:5077: g++ -E  conftest.cc
configure:5081:28: ac_nonexistent.h: No such file or directory
configure:5083: $? = 1
configure: failed program was:
| #line 5068 "configure"
| /* confdefs.h.  */
| 
| #define PACKAGE_NAME ""
| #define PACKAGE_TARNAME ""
| #define PACKAGE_VERSION ""
| #define PACKAGE_STRING ""
| #define PACKAGE_BUGREPORT ""
| #define PACKAGE "coach"
| #define VERSION "1.0"
| #ifdef __cplusplus
| #include <stdlib.h>
| #endif
| /* end confdefs.h.  */
| #include <ac_nonexistent.h>
configure:5121: result: g++ -E
configure:5146: g++ -E  conftest.cc
configure:5152: $? = 0
configure:5184: g++ -E  conftest.cc
configure:5188:28: ac_nonexistent.h: No such file or directory
configure:5190: $? = 1
configure: failed program was:
| #line 5175 "configure"
| /* confdefs.h.  */
| 
| #define PACKAGE_NAME ""
| #define PACKAGE_TARNAME ""
| #define PACKAGE_VERSION ""
| #define PACKAGE_STRING ""
| #define PACKAGE_BUGREPORT ""
| #define PACKAGE "coach"
| #define VERSION "1.0"
| #ifdef __cplusplus
| #include <stdlib.h>
| #endif
| /* end confdefs.h.  */
| #include <ac_nonexistent.h>
configure:5255: checking whether g++ supports -frepo
configure:5292: rm -rf SunWS_cache; g++ -o conftest -Wnon-virtual-dtor -Wno-long-long -Wundef -Wall -pedantic -W -Wpointer-arith -Wmissing-prototypes -Wwrite-strings -ansi -D_XOPEN_SOURCE=500 -D_BSD_SOURCE -Wcast-align -Wconversion -O2 -O0 -g3 -Wall -fno-exceptions -fno-check-new -frepo   conftest.cc  1>&5
conftest.cc:1: warning: -frepo must be used with -c
configure:5295: $? = 0
configure:5298: test -s conftest
configure:5301: $? = 0
configure:5321: result: yes
configure:5533: result: not using lib directory suffix
configure:5589: checking for ld used by GCC
configure:5653: result: /usr/bin/ld
configure:5662: checking if the linker (/usr/bin/ld) is GNU ld
GNU ld version 2.13.90.0.18 20030206
configure:5674: result: yes
configure:5679: checking for /usr/bin/ld option to reload object files
configure:5686: result: -r
configure:5695: checking for BSD-compatible nm
configure:5730: result: /usr/bin/nm -B
configure:5734: checking for a sed that does not truncate output
configure:5810: result: 
configure:5813: checking whether ln -s works
configure:5817: result: yes
configure:5824: checking how to recognise dependant libraries
configure:6011: result: pass_all
configure:6081: gcc -c -ansi -W -Wall -pedantic -Wshadow -Wpointer-arith -Wmissing-prototypes -Wwrite-strings -D_XOPEN_SOURCE=500 -D_BSD_SOURCE -O2    conftest.c >&5
configure:6084: $? = 0
configure:6170: checking for egrep
configure:6180: result: grep -E
configure:6185: checking for ANSI C header files
configure:6211: gcc -c -ansi -W -Wall -pedantic -Wshadow -Wpointer-arith -Wmissing-prototypes -Wwrite-strings -D_XOPEN_SOURCE=500 -D_BSD_SOURCE -O2    conftest.c >&5
configure:6214: $? = 0
configure:6217: test -s conftest.o
configure:6220: $? = 0
configure:6309: gcc -o conftest -ansi -W -Wall -pedantic -Wshadow -Wpointer-arith -Wmissing-prototypes -Wwrite-strings -D_XOPEN_SOURCE=500 -D_BSD_SOURCE -O2     conftest.c  >&5
configure: In function `main':
configure:6312: warning: implicit declaration of function `exit'
configure:6312: $? = 0
configure:6314: ./conftest
configure:6317: $? = 0
configure:6332: result: yes
configure:6356: checking for sys/types.h
configure:6373: gcc -c -ansi -W -Wall -pedantic -Wshadow -Wpointer-arith -Wmissing-prototypes -Wwrite-strings -D_XOPEN_SOURCE=500 -D_BSD_SOURCE -O2    conftest.c >&5
configure:6376: $? = 0
configure:6379: test -s conftest.o
configure:6382: $? = 0
configure:6393: result: yes
configure:6356: checking for sys/stat.h
configure:6373: gcc -c -ansi -W -Wall -pedantic -Wshadow -Wpointer-arith -Wmissing-prototypes -Wwrite-strings -D_XOPEN_SOURCE=500 -D_BSD_SOURCE -O2    conftest.c >&5
configure:6376: $? = 0
configure:6379: test -s conftest.o
configure:6382: $? = 0
configure:6393: result: yes
configure:6356: checking for stdlib.h
configure:6373: gcc -c -ansi -W -Wall -pedantic -Wshadow -Wpointer-arith -Wmissing-prototypes -Wwrite-strings -D_XOPEN_SOURCE=500 -D_BSD_SOURCE -O2    conftest.c >&5
configure:6376: $? = 0
configure:6379: test -s conftest.o
configure:6382: $? = 0
configure:6393: result: yes
configure:6356: checking for string.h
configure:6373: gcc -c -ansi -W -Wall -pedantic -Wshadow -Wpointer-arith -Wmissing-prototypes -Wwrite-strings -D_XOPEN_SOURCE=500 -D_BSD_SOURCE -O2    conftest.c >&5
configure:6376: $? = 0
configure:6379: test -s conftest.o
configure:6382: $? = 0
configure:6393: result: yes
configure:6356: checking for memory.h
configure:6373: gcc -c -ansi -W -Wall -pedantic -Wshadow -Wpointer-arith -Wmissing-prototypes -Wwrite-strings -D_XOPEN_SOURCE=500 -D_BSD_SOURCE -O2    conftest.c >&5
configure:6376: $? = 0
configure:6379: test -s conftest.o
configure:6382: $? = 0
configure:6393: result: yes
configure:6356: checking for strings.h
configure:6373: gcc -c -ansi -W -Wall -pedantic -Wshadow -Wpointer-arith -Wmissing-prototypes -Wwrite-strings -D_XOPEN_SOURCE=500 -D_BSD_SOURCE -O2    conftest.c >&5
configure:6376: $? = 0
configure:6379: test -s conftest.o
configure:6382: $? = 0
configure:6393: result: yes
configure:6356: checking for inttypes.h
configure:6373: gcc -c -ansi -W -Wall -pedantic -Wshadow -Wpointer-arith -Wmissing-prototypes -Wwrite-strings -D_XOPEN_SOURCE=500 -D_BSD_SOURCE -O2    conftest.c >&5
configure:6376: $? = 0
configure:6379: test -s conftest.o
configure:6382: $? = 0
configure:6393: result: yes
configure:6356: checking for stdint.h
configure:6373: gcc -c -ansi -W -Wall -pedantic -Wshadow -Wpointer-arith -Wmissing-prototypes -Wwrite-strings -D_XOPEN_SOURCE=500 -D_BSD_SOURCE -O2    conftest.c >&5
configure:6376: $? = 0
configure:6379: test -s conftest.o
configure:6382: $? = 0
configure:6393: result: yes
configure:6356: checking for unistd.h
configure:6373: gcc -c -ansi -W -Wall -pedantic -Wshadow -Wpointer-arith -Wmissing-prototypes -Wwrite-strings -D_XOPEN_SOURCE=500 -D_BSD_SOURCE -O2    conftest.c >&5
configure:6376: $? = 0
configure:6379: test -s conftest.o
configure:6382: $? = 0
configure:6393: result: yes
configure:6419: checking dlfcn.h usability
configure:6432: gcc -c -ansi -W -Wall -pedantic -Wshadow -Wpointer-arith -Wmissing-prototypes -Wwrite-strings -D_XOPEN_SOURCE=500 -D_BSD_SOURCE -O2    conftest.c >&5
configure:6435: $? = 0
configure:6438: test -s conftest.o
configure:6441: $? = 0
configure:6451: result: yes
configure:6455: checking dlfcn.h presence
configure:6466: cpp  conftest.c
configure:6472: $? = 0
configure:6491: result: yes
configure:6527: checking for dlfcn.h
configure:6534: result: yes
configure:6551: checking the maximum length of command line arguments
configure:6599: result: 32768
configure:6610: checking command to parse /usr/bin/nm -B output from gcc object
configure:6695: gcc -c -ansi -W -Wall -pedantic -Wshadow -Wpointer-arith -Wmissing-prototypes -Wwrite-strings -D_XOPEN_SOURCE=500 -D_BSD_SOURCE -O2    conftest.c >&5
conftest.c:5: warning: no previous prototype for `nm_test_func'
configure:6698: $? = 0
configure:6702: /usr/bin/nm -B conftest.o \| sed -n -e 's/^.*[ 	]\([ABCDGISTW][ABCDGISTW]*\)[ 	][ 	]*\(\)\([_A-Za-z][_A-Za-z0-9]*\)$/\1 \2\3 \3/p' \> conftest.nm
configure:6705: $? = 0
configure:6757: gcc -o conftest -ansi -W -Wall -pedantic -Wshadow -Wpointer-arith -Wmissing-prototypes -Wwrite-strings -D_XOPEN_SOURCE=500 -D_BSD_SOURCE -O2     conftest.c conftstm.o >&5
configure:6760: $? = 0
configure:6798: result: ok
configure:6802: checking for objdir
configure:6817: result: .libs
configure:6907: checking for ranlib
configure:6923: found /usr/bin/ranlib
configure:6934: result: ranlib
configure:6987: checking for strip
configure:7003: found /usr/bin/strip
configure:7014: result: strip
configure:7277: checking if gcc static flag  works
conftest.c:1: warning: return type defaults to `int'
configure:7300: result: no
configure:7317: checking if gcc supports -fno-rtti -fno-exceptions
cc1: warning: ignoring command line option '-fno-rtti'
cc1: warning: (it is valid for C++ but not the selected language)
cc1: warning: ignoring command line option '-fno-rtti'
cc1: warning: (it is valid for C++ but not the selected language)
configure:7341: result: no
configure:7356: checking for gcc option to produce PIC
configure:7509: result: -fPIC
configure:7516: checking if gcc PIC flag -fPIC works
configure:7540: result: yes
configure:7564: checking if gcc supports -c -o file.o
configure:7605: result: yes
configure:7631: checking whether the gcc linker (/usr/bin/ld) supports shared libraries
configure:8414: result: yes
configure:8436: checking whether -lc should be explicitly linked in
configure:8441: gcc -c -ansi -W -Wall -pedantic -Wshadow -Wpointer-arith -Wmissing-prototypes -Wwrite-strings -D_XOPEN_SOURCE=500 -D_BSD_SOURCE -O2    conftest.c >&5
conftest.c:1: warning: `dummy' defined but not used
configure:8444: $? = 0
configure:8458: gcc -shared conftest.o  -v -Wl,-soname -Wl,conftest -o conftest 2\>\&1 \| grep  -lc  \>/dev/null 2\>\&1
configure:8461: $? = 0
configure:8473: result: no
configure:8479: checking how to hardcode library paths into programs
configure:8503: result: immediate
configure:8517: checking whether stripping libraries is possible
configure:8522: result: yes
configure:8529: checking dynamic linker characteristics
configure:8980: result: GNU/Linux ld.so
configure:9633: checking if libtool supports shared libraries
configure:9635: result: yes
configure:9638: checking whether to build shared libraries
configure:9659: result: yes
configure:9662: checking whether to build static libraries
configure:9666: result: no
configure:9745: creating libtool
configure:10470: checking whether the g++ linker (/usr/bin/ld) supports shared libraries
configure:11125: result: yes
configure:11142: g++ -c -Wnon-virtual-dtor -Wno-long-long -Wundef -Wall -pedantic -W -Wpointer-arith -Wmissing-prototypes -Wwrite-strings -ansi -D_XOPEN_SOURCE=500 -D_BSD_SOURCE -Wcast-align -Wconversion -O2 -O0 -g3 -Wall -fno-exceptions -fno-check-new  conftest.cc >&5
configure:11145: $? = 0
configure:11245: checking for g++ option to produce PIC
configure:11481: result: -fPIC
configure:11488: checking if g++ PIC flag -fPIC works
configure:11512: result: yes
configure:11536: checking if g++ supports -c -o file.o
configure:11577: result: yes
configure:11603: checking whether the g++ linker (/usr/bin/ld) supports shared libraries
configure:11625: result: yes
configure:11647: checking whether -lc should be explicitly linked in
configure:11652: g++ -c -Wnon-virtual-dtor -Wno-long-long -Wundef -Wall -pedantic -W -Wpointer-arith -Wmissing-prototypes -Wwrite-strings -ansi -D_XOPEN_SOURCE=500 -D_BSD_SOURCE -Wcast-align -Wconversion -O2 -O0 -g3 -Wall -fno-exceptions -fno-check-new  conftest.cc >&5
conftest.cc:1: warning: `int dummy' defined but not used
configure:11655: $? = 0
configure:11669: g++ -shared -nostdlib  conftest.o   -v -Wl,-soname -Wl,conftest -o conftest 2\>\&1 \| grep  -lc  \>/dev/null 2\>\&1
configure:11672: $? = 1
configure:11684: result: yes
configure:11690: checking how to hardcode library paths into programs
configure:11714: result: immediate
configure:11728: checking whether stripping libraries is possible
configure:11733: result: yes
configure:11740: checking dynamic linker characteristics
configure:12191: result: GNU/Linux ld.so
configure:13260: checking if gcj supports -fno-rtti -fno-exceptions
configure:13284: result: no
configure:13299: checking for gcj option to produce PIC
configure:13452: result: -fPIC
configure:13459: checking if gcj PIC flag -fPIC works
configure:13483: result: no
configure:13507: checking if gcj supports -c -o file.o
configure:13548: result: no
configure:13574: checking whether the gcj linker (/usr/bin/ld) supports shared libraries
configure:14357: result: yes
configure:14379: checking whether -lc should be explicitly linked in
configure:14384: gcj -c -ansi -W -Wall -pedantic -Wshadow -Wpointer-arith -Wmissing-prototypes -Wwrite-strings -D_XOPEN_SOURCE=500 -D_BSD_SOURCE -O2    conftest.java >&5
gcj: can't specify `-D' without `--main'

configure:14387: $? = 1
configure:14416: result: yes
configure:14422: checking how to hardcode library paths into programs
configure:14446: result: immediate
configure:14460: checking whether stripping libraries is possible
configure:14465: result: yes
configure:14472: checking dynamic linker characteristics
configure:14923: result: GNU/Linux ld.so
configure:16468: checking for extra includes
configure:16496: result: no
configure:16500: checking for extra libs
configure:16529: result: no
configure:16560: checking if coach should be compiled
configure:16572: result: yes
configure:16688: creating ./config.status

## ---------------------- ##
## Running config.status. ##
## ---------------------- ##

This file was extended by config.status, which was
generated by GNU Autoconf 2.57.  Invocation command line was

  CONFIG_FILES    = 
  CONFIG_HEADERS  = 
  CONFIG_LINKS    = 
  CONFIG_COMMANDS = 
  $ ./config.status 

on localhost.localdomain

config.status:611: creating config.h
config.status:722: config.h is unchanged
config.status:828: executing default-1 commands

## ---------------- ##
## Cache variables. ##
## ---------------- ##

ac_cv_build=i686-pc-linux-gnu
ac_cv_build_alias=i686-pc-linux-gnu
ac_cv_c_compiler_gnu=yes
ac_cv_cxx_compiler_gnu=yes
ac_cv_env_CC_set=set
ac_cv_env_CC_value=gcc
ac_cv_env_CFLAGS_set=set
ac_cv_env_CFLAGS_value=
ac_cv_env_CPPFLAGS_set=set
ac_cv_env_CPPFLAGS_value=
ac_cv_env_CPP_set=set
ac_cv_env_CPP_value=cpp
ac_cv_env_CXXCPP_set=
ac_cv_env_CXXCPP_value=
ac_cv_env_CXXFLAGS_set=set
ac_cv_env_CXXFLAGS_value='-O0 -g3 -Wall '
ac_cv_env_CXX_set=set
ac_cv_env_CXX_value=g++
ac_cv_env_LDFLAGS_set=set
ac_cv_env_LDFLAGS_value=
ac_cv_env_build_alias_set=
ac_cv_env_build_alias_value=
ac_cv_env_host_alias_set=
ac_cv_env_host_alias_value=
ac_cv_env_target_alias_set=
ac_cv_env_target_alias_value=
ac_cv_exeext=
ac_cv_header_dlfcn_h=yes
ac_cv_header_inttypes_h=yes
ac_cv_header_memory_h=yes
ac_cv_header_stdc=yes
ac_cv_header_stdint_h=yes
ac_cv_header_stdlib_h=yes
ac_cv_header_string_h=yes
ac_cv_header_strings_h=yes
ac_cv_header_sys_stat_h=yes
ac_cv_header_sys_types_h=yes
ac_cv_header_unistd_h=yes
ac_cv_host=i686-pc-linux-gnu
ac_cv_host_alias=i686-pc-linux-gnu
ac_cv_objext=o
ac_cv_path_install='/usr/bin/install -c'
ac_cv_prog_AWK=gawk
ac_cv_prog_CPP=cpp
ac_cv_prog_CXXCPP='g++ -E'
ac_cv_prog_ac_ct_CC=gcc
ac_cv_prog_ac_ct_RANLIB=ranlib
ac_cv_prog_ac_ct_STRIP=strip
ac_cv_prog_cc_g=yes
ac_cv_prog_cc_stdc=
ac_cv_prog_cxx_g=yes
ac_cv_prog_egrep='grep -E'
ac_cv_prog_make_make_set=yes
ac_cv_target=i686-pc-linux-gnu
ac_cv_target_alias=i686-pc-linux-gnu
am_cv_CC_dependencies_compiler_type=gcc3
am_cv_CXX_dependencies_compiler_type=gcc3
kde_cv_prog_cxx_Wno_long_long=yes
kde_cv_prog_cxx_Wnon_virtual_dtor=yes
kde_cv_prog_cxx_Wundef=yes
kde_cv_prog_cxx_fexceptions=yes
kde_cv_prog_cxx_fno_check_new=yes
kde_cv_prog_cxx_fno_exceptions=yes
kde_cv_prog_cxx_frepo=yes
lt_cv_deplibs_check_method=pass_all
lt_cv_file_magic_cmd='$MAGIC_CMD'
lt_cv_file_magic_test_file='/lib/libc.so.6 /lib/libc-2.3.2.so'
lt_cv_ld_reload_flag=-r
lt_cv_objdir=.libs
lt_cv_path_LD=/usr/bin/ld
lt_cv_path_NM='/usr/bin/nm -B'
lt_cv_path_SED=/bin/sed
lt_cv_prog_compiler_c_o=yes
lt_cv_prog_compiler_c_o_CXX=yes
lt_cv_prog_compiler_c_o_GCJ=no
lt_cv_prog_compiler_rtti_exceptions=no
lt_cv_prog_gnu_ld=yes
lt_cv_sys_global_symbol_pipe='sed -n -e '\''s/^.*[ 	]\([ABCDGISTW][ABCDGISTW]*\)[ 	][ 	]*\(\)\([_A-Za-z][_A-Za-z0-9]*\)$/\1 \2\3 \3/p'\'''
lt_cv_sys_global_symbol_to_c_name_address='sed -n -e '\''s/^: \([^ ]*\) $/  {\"\1\", (lt_ptr) 0},/p'\'' -e '\''s/^[BCDEGRST] \([^ ]*\) \([^ ]*\)$/  {"\2", (lt_ptr) \&\2},/p'\'''
lt_cv_sys_global_symbol_to_cdecl='sed -n -e '\''s/^. .* \(.*\)$/extern int \1;/p'\'''
lt_cv_sys_max_cmd_len=32768
lt_lt_cv_prog_compiler_c_o='"yes"'
lt_lt_cv_prog_compiler_c_o_CXX='"yes"'
lt_lt_cv_prog_compiler_c_o_GCJ='"no"'
lt_lt_cv_sys_global_symbol_pipe='"sed -n -e '\''s/^.*[ 	]\\([ABCDGISTW][ABCDGISTW]*\\)[ 	][ 	]*\\(\\)\\([_A-Za-z][_A-Za-z0-9]*\\)\$/\\1 \\2\\3 \\3/p'\''"'
lt_lt_cv_sys_global_symbol_to_c_name_address='"sed -n -e '\''s/^: \\([^ ]*\\) \$/  {\\\"\\1\\\", (lt_ptr) 0},/p'\'' -e '\''s/^[BCDEGRST] \\([^ ]*\\) \\([^ ]*\\)\$/  {\"\\2\", (lt_ptr) \\&\\2},/p'\''"'
lt_lt_cv_sys_global_symbol_to_cdecl='"sed -n -e '\''s/^. .* \\(.*\\)\$/extern int \\1;/p'\''"'

## ----------------- ##
## Output variables. ##
## ----------------- ##

ACLOCAL='${SHELL} /home/anton/coach/admin/missing --run aclocal'
AMDEPBACKSLASH='\'
AMDEP_FALSE='#'
AMDEP_TRUE=''
AMTAR='${SHELL} /home/anton/coach/admin/missing --run tar'
AUTOCONF='${SHELL} /home/anton/coach/admin/missing --run autoconf'
AUTODIRS=''
AUTOHEADER='${SHELL} /home/anton/coach/admin/missing --run autoheader'
AUTOMAKE='${SHELL} /home/anton/coach/admin/missing --run automake'
AWK='gawk'
CC='gcc'
CCDEPMODE='depmode=gcc3'
CFLAGS='-ansi -W -Wall -pedantic -Wshadow -Wpointer-arith -Wmissing-prototypes -Wwrite-strings -D_XOPEN_SOURCE=500 -D_BSD_SOURCE -O2  '
CONF_FILES=' $(top_srcdir)/configure.in.in'
CPP='cpp'
CPPFLAGS=''
CXX='g++'
CXXCPP='g++ -E'
CXXDEPMODE='depmode=gcc3'
CXXFLAGS='-Wnon-virtual-dtor -Wno-long-long -Wundef -Wall -pedantic -W -Wpointer-arith -Wmissing-prototypes -Wwrite-strings -ansi -D_XOPEN_SOURCE=500 -D_BSD_SOURCE -Wcast-align -Wconversion -O2 -O0 -g3 -Wall -fno-exceptions -fno-check-new'
DEFS='-DHAVE_CONFIG_H'
DEPDIR='.deps'
ECHO='echo'
ECHO_C=''
ECHO_N='-n'
ECHO_T=''
EGREP='grep -E'
EXEEXT=''
INSTALL_DATA='${INSTALL} -m 644'
INSTALL_PROGRAM='${INSTALL} $(INSTALL_STRIP_FLAG)'
INSTALL_SCRIPT='${INSTALL}'
INSTALL_STRIP_PROGRAM='${SHELL} $(install_sh) -c -s'
KDE_PLUGIN='-avoid-version -module -no-undefined $(KDE_RPATH) $(KDE_MT_LDFLAGS)'
KDE_USE_CLOSURE_FALSE='#'
KDE_USE_CLOSURE_TRUE=''
KDE_USE_FINAL_FALSE=''
KDE_USE_FINAL_TRUE='#'
LDFLAGS=''
LIBOBJS=''
LIBS=''
LIBTOOL='$(SHELL) $(top_builddir)/libtool --silent'
LN_S='ln -s'
LTLIBOBJS=''
MAKEINFO='${SHELL} /home/anton/coach/admin/missing --run makeinfo'
NOOPT_CFLAGS='-O0'
NOOPT_CXXFLAGS='-O0'
NOREPO='-fno-repo'
OBJEXT='o'
PACKAGE='coach'
PACKAGE_BUGREPORT=''
PACKAGE_NAME=''
PACKAGE_STRING=''
PACKAGE_TARNAME=''
PACKAGE_VERSION=''
PATH_SEPARATOR=':'
RANLIB='ranlib'
REPO='-frepo'
SET_MAKE=''
SHELL='/bin/sh'
STRIP='strip'
TOPSUBDIRS=' coach'
USER_INCLUDES=''
USER_LDFLAGS=''
USE_EXCEPTIONS='-fexceptions'
USE_RTTI=''
VERSION='1.0'
WOVERLOADED_VIRTUAL=''
ac_ct_CC='gcc'
ac_ct_CXX=''
ac_ct_RANLIB='ranlib'
ac_ct_STRIP='strip'
all_includes=' '
all_libraries=' '
am__include='include'
am__quote=''
bindir='${exec_prefix}/bin'
build='i686-pc-linux-gnu'
build_alias=''
build_cpu='i686'
build_os='linux-gnu'
build_vendor='pc'
datadir='${prefix}/share'
exec_prefix='${prefix}'
host='i686-pc-linux-gnu'
host_alias=''
host_cpu='i686'
host_os='linux-gnu'
host_vendor='pc'
includedir='${prefix}/include'
infodir='${prefix}/info'
install_sh='/home/anton/coach/admin/install-sh'
libdir='${exec_prefix}/lib'
libexecdir='${exec_prefix}/libexec'
localstatedir='${prefix}/var'
mandir='${prefix}/man'
oldincludedir='/usr/include'
prefix='/usr/local'
program_transform_name='s,x,x,'
sbindir='${exec_prefix}/sbin'
sharedstatedir='${prefix}/com'
sysconfdir='${prefix}/etc'
target='i686-pc-linux-gnu'
target_alias=''
target_cpu='i686'
target_os='linux-gnu'
target_vendor='pc'

## ----------- ##
## confdefs.h. ##
## ----------- ##

#define HAVE_DLFCN_H 1
#define HAVE_INTTYPES_H 1
#define HAVE_MEMORY_H 1
#define HAVE_STDINT_H 1
#define HAVE_STDLIB_H 1
#define HAVE_STRINGS_H 1
#define HAVE_STRING_H 1
#define HAVE_SYS_STAT_H 1
#define HAVE_SYS_TYPES_H 1
#define HAVE_TEMPLATE_REPOSITORY 1
#define HAVE_UNISTD_H 1
#define KDELIBSUFF ""
#define PACKAGE "coach"
#define PACKAGE_BUGREPORT ""
#define PACKAGE_NAME ""
#define PACKAGE_STRING ""
#define PACKAGE_TARNAME ""
#define PACKAGE_VERSION ""
#define STDC_HEADERS 1
#define VERSION "1.0"
#endif
#ifdef __cplusplus
#include <stdlib.h>

configure: exit 0

## ---------------------- ##
## Running config.status. ##
## ---------------------- ##

This file was extended by config.status, which was
generated by GNU Autoconf 2.57.  Invocation command line was

  CONFIG_FILES    = 
  CONFIG_HEADERS  = config.h
  CONFIG_LINKS    = 
  CONFIG_COMMANDS = 
  $ ./config.status 

on localhost.localdomain

config.status:611: creating config.h
config.status:722: config.h is unchanged
config.status:828: executing default-1 commands
